
> gasto-facil@1.0.0 build
> ng build

- Generating browser application bundles (phase: setup)...
    TypeScript compiler options "target" and "useDefineForClassFields" are set to "ES2022" and "false" respectively by the Angular CLI. To control ECMA version and features use the Browerslist configuration. For more information, see https://angular.io/guide/build#configuring-browser-compatibility
    NOTE: You can set the "target" to "ES2022" in the project's tsconfig to remove this warning.
✔ Browser application bundle generation complete.
✔ Browser application bundle generation complete.
- Copying assets...
✔ Copying assets complete.
- Generating index html...
✔ Index html generation complete.

Initial Chunk Files                   | Names                     |   Raw Size | Estimated Transfer Size
main.91568b296315b7ff.js              | main                      |  567.02 kB |               154.09 kB
polyfills.31ebd04dbbed6562.js         | polyfills                 |   33.09 kB |                10.70 kB
styles.1aaea48837e7ca30.css           | styles                    |   11.44 kB |                 2.43 kB
runtime.06e0622ab64002db.js           | runtime                   |    4.43 kB |                 2.14 kB

| Initial Total             |  615.98 kB |               169.35 kB

Lazy Chunk Files                      | Names                     |   Raw Size | Estimated Transfer Size
2698.c8406af9d1cb4382.js              | swiper-bundle-28080340-js |   97.17 kB |                23.41 kB
polyfills-core-js.d1db851df0696e5d.js | polyfills-core-js         |   91.80 kB |                27.78 kB
4711.577df93289c6c158.js              | -                         |   81.57 kB |                 8.44 kB
4959.7e565e418291be8a.js              | -                         |   68.74 kB |                11.88 kB
1650.4ba5fef55fdbfd6a.js              | -                         |   48.24 kB |                 4.65 kB
3236.2f7ca3e148504851.js              | -                         |   43.51 kB |                 9.45 kB
1118.18f7a6b4ac2116ca.js              | -                         |   34.36 kB |                 5.65 kB
9325.9f9956f22f4f28e4.js              | -                         |   28.50 kB |                 4.91 kB
2349.6190742afa6bcf35.js              | -                         |   28.14 kB |                 6.90 kB
5652.d83f3362e437f1f8.js              | -                         |   26.11 kB |                 5.02 kB
8628.126f0317cc96d0da.js              | -                         |   24.21 kB |                 3.80 kB
2175.5bd84ef2e1245627.js              | -                         |   24.18 kB |                 4.76 kB
3804.4a47ba09f1848d84.js              | -                         |   22.57 kB |                 5.69 kB
1709.093cd9203f6ee83e.js              | -                         |   22.16 kB |                 4.60 kB
5836.af2fc66beb89988b.js              | -                         |   21.71 kB |                 3.42 kB
4651.3d5210d10f0208d4.js              | -                         |   21.53 kB |                 3.78 kB
3648.40256e3443631df4.js              | -                         |   21.48 kB |                 3.57 kB
8136.6bde01db94b5d4c5.js              | -                         |   20.45 kB |                 4.65 kB
438.1557185bb0cd4953.js               | -                         |   20.36 kB |                 3.12 kB
4174.05919d4ed6ad14b0.js              | -                         |   19.09 kB |                 1.86 kB
polyfills-dom.f4036e1734552f8b.js     | polyfills-dom             |   18.06 kB |                 5.04 kB
6120.b5cd46e2296a3e52.js              | -                         |   16.54 kB |                 3.39 kB
2773.e0620421f0023709.js              | -                         |   16.34 kB |                 4.23 kB
1217.43bc0b4d01614281.js              | -                         |   15.71 kB |                 2.85 kB
5168.fddca6e458895129.js              | -                         |   15.29 kB |                 2.96 kB
common.c9f7b97ea309ca86.js            | common                    |   15.20 kB |                 4.23 kB
7544.64248c4a56eb7167.js              | -                         |   15.04 kB |                 2.74 kB
6560.0620881d5d345c89.js              | -                         |   14.56 kB |                 2.53 kB
2073.442c0211cb922620.js              | -                         |   13.54 kB |                 2.32 kB
7206.b469454338410ac7.js              | -                         |   12.17 kB |                 4.09 kB
388.ef8948a117e14fbe.js               | -                         |   11.62 kB |                 2.11 kB
9654.e0f4c6e215bea732.js              | -                         |   11.44 kB |                 2.59 kB
5349.79eab50b84f67a6b.js              | -                         |   11.31 kB |                 3.59 kB
4330.0288c6cf6f988c0e.js              | -                         |   11.23 kB |                 3.82 kB
9824.e09ea5257d915938.js              | -                         |   11.17 kB |                 1.38 kB
4432.03f5eaebe0cab166.js              | -                         |   10.72 kB |                 2.58 kB
9016.b6cc026203c8a94d.js              | -                         |    9.41 kB |                 2.06 kB
9434.8990b3510328434b.js              | -                         |    8.88 kB |                 2.11 kB
9922.e5c76ec133d179fc.js              | -                         |    8.45 kB |                 1.96 kB
2289.e0103368cfbd2b82.js              | -                         |    7.58 kB |                 2.67 kB
7602.67c8f2d9b2028439.js              | -                         |    7.41 kB |                 2.09 kB
9230.7a5a7ce49fcb5f5d.js              | -                         |    6.54 kB |                 1.80 kB
9536.318180e815a66e0f.js              | -                         |    6.40 kB |                 1.30 kB
5817.ee8f0c8b0d2e139a.js              | -                         |    6.22 kB |                 1.48 kB
4908.16675d792a9ad8f3.js              | -                         |    5.98 kB |                 1.51 kB
1186.b78005755f636854.js              | -                         |    5.50 kB |                 1.93 kB
657.bbecfd3d413a1383.js               | -                         |    5.06 kB |                 1.25 kB
5326.08d7f832fab596b0.js              | input-shims-8459e7d9-js   |    4.59 kB |                 1.80 kB
4753.9207563200eff000.js              | -                         |    4.17 kB |              1015 bytes
1536.773d8e7069fef721.js              | -                         |    3.77 kB |                 1.28 kB
9958.1dfcd5e17db2731c.js              | -                         |    3.07 kB |               942 bytes
8766.7c31da174089b89a.js              | index-2061d5f6-js         |    1.85 kB |               822 bytes
1033.c8327530b408e91b.js              | -                         |    1.66 kB |               669 bytes
8939.559bc6050eaa9f45.js              | -                         |    1.52 kB |               522 bytes
4376.dd3bfd19a49a7e99.js              | -                         | 1016 bytes |               577 bytes
5227.876afa762a8f69ba.js              | status-tap-4d4674a1-js    |  546 bytes |               339 bytes

Build at: 2025-11-25T21:26:28.931Z - Hash: 36e7e5c2ec93d181 - Time: 5464ms

Warning: E:/01 - Universidad Politecnico Gran Colombiano/2025/ÉNFASIS EN PROGRAMACIÓN MÓVIL/Escenario 5/gastofacil/gasto-facil/src/polyfills.ts is part of the TypeScript compilation but it's unused.
Add only entry points to the 'files' or 'include' properties in your tsconfig.


